2025-03-04 11:03:44,761 - root - INFO - Logging configured.
2025-03-04 11:03:44,761 - root - INFO - Environment variables loaded.
2025-03-04 11:05:28,497 - root - INFO - Logging configured.
2025-03-04 11:05:28,497 - root - INFO - Environment variables loaded.
2025-03-04 11:10:31,602 - root - INFO - Logging configured.
2025-03-04 11:10:31,602 - root - INFO - Environment variables loaded.
2025-03-04 11:10:31,606 - root - INFO - Command 'discord' from plugin 'discord' registered.
2025-03-04 11:10:31,607 - root - INFO - Command 'exit' from plugin 'exit' registered.
2025-03-04 11:10:31,607 - root - INFO - Command 'goodbye' from plugin 'goodbye' registered.
2025-03-04 11:10:31,607 - root - INFO - Command 'greet' from plugin 'greet' registered.
2025-03-04 11:10:31,607 - root - INFO - Command 'menu' from plugin 'menu' registered.
2025-03-04 11:10:31,607 - root - INFO - Application started. Type 'exit' to exit.
2025-03-04 11:11:41,098 - root - INFO - Application exit.
2025-03-04 11:11:41,101 - root - INFO - Application shutdown.
2025-03-04 11:28:20,408 - root - INFO - Logging configured.
2025-03-04 11:28:20,409 - root - INFO - Environment variables loaded.
2025-03-04 11:28:20,414 - root - INFO - Command 'discord' from plugin 'discord' registered.
2025-03-04 11:28:20,414 - root - INFO - Command 'exit' from plugin 'exit' registered.
2025-03-04 11:28:20,415 - root - INFO - Command 'goodbye' from plugin 'goodbye' registered.
2025-03-04 11:28:20,415 - root - INFO - Command 'greet' from plugin 'greet' registered.
2025-03-04 11:28:20,415 - root - INFO - Command 'menu' from plugin 'menu' registered.
2025-03-04 11:28:20,415 - root - INFO - Application started. Type 'exit' to exit.
2025-03-04 11:28:23,398 - root - INFO - Application exit.
2025-03-04 11:28:23,398 - root - INFO - Application shutdown.
2025-03-04 12:39:34,485 - root - INFO - Logging configured.
2025-03-04 12:39:34,485 - root - INFO - Environment variables loaded.
2025-03-04 12:39:34,490 - root - INFO - Command 'discord' from plugin 'discord' registered.
2025-03-04 12:39:34,490 - root - INFO - Command 'exit' from plugin 'exit' registered.
2025-03-04 12:39:34,491 - root - INFO - Command 'goodbye' from plugin 'goodbye' registered.
2025-03-04 12:39:34,491 - root - INFO - Command 'greet' from plugin 'greet' registered.
2025-03-04 12:39:34,492 - root - INFO - Command 'menu' from plugin 'menu' registered.
2025-03-04 12:39:34,492 - root - INFO - Application started. Type 'exit' to exit.
2025-03-04 12:39:41,206 - root - INFO - Application exit.
2025-03-04 12:39:41,206 - root - INFO - Application shutdown.
2025-03-04 12:39:47,585 - root - INFO - Logging configured.
2025-03-04 12:39:47,586 - root - INFO - Environment variables loaded.
2025-03-04 12:39:47,586 - root - INFO - Environment variables loaded.
2025-03-04 12:39:48,257 - root - INFO - Logging configured.
2025-03-04 12:39:48,257 - root - INFO - Environment variables loaded.
2025-03-04 12:39:48,257 - root - INFO - Environment variables loaded.
2025-03-04 12:39:48,259 - root - INFO - Logging configured.
2025-03-04 12:39:48,259 - root - INFO - Environment variables loaded.
2025-03-04 12:39:48,260 - root - INFO - Command 'discord' from plugin 'discord' registered.
2025-03-04 12:39:48,261 - root - INFO - Command 'exit' from plugin 'exit' registered.
2025-03-04 12:39:48,261 - root - INFO - Command 'goodbye' from plugin 'goodbye' registered.
2025-03-04 12:39:48,262 - root - INFO - Command 'greet' from plugin 'greet' registered.
2025-03-04 12:39:48,262 - root - INFO - Command 'menu' from plugin 'menu' registered.
2025-03-04 12:39:48,262 - root - INFO - Application started. Type 'exit' to exit.
2025-03-04 12:39:48,262 - root - INFO - Application exit.
2025-03-04 12:39:48,262 - root - INFO - Application shutdown.
2025-03-04 12:39:48,264 - root - INFO - Logging configured.
2025-03-04 12:39:48,264 - root - INFO - Environment variables loaded.
2025-03-04 12:39:48,264 - root - INFO - Command 'discord' from plugin 'discord' registered.
2025-03-04 12:39:48,264 - root - INFO - Command 'exit' from plugin 'exit' registered.
2025-03-04 12:39:48,264 - root - INFO - Command 'goodbye' from plugin 'goodbye' registered.
2025-03-04 12:39:48,264 - root - INFO - Command 'greet' from plugin 'greet' registered.
2025-03-04 12:39:48,264 - root - INFO - Command 'menu' from plugin 'menu' registered.
2025-03-04 12:39:48,264 - root - INFO - Application started. Type 'exit' to exit.
2025-03-04 12:39:48,264 - root - INFO - Application exit.
2025-03-04 12:39:48,264 - root - INFO - Application shutdown.
2025-03-04 12:39:48,279 - root - INFO - Logging configured.
2025-03-04 12:39:48,279 - root - INFO - Environment variables loaded.
2025-03-04 12:39:48,279 - root - INFO - Command 'discord' from plugin 'discord' registered.
2025-03-04 12:39:48,279 - root - INFO - Command 'exit' from plugin 'exit' registered.
2025-03-04 12:39:48,279 - root - INFO - Command 'goodbye' from plugin 'goodbye' registered.
2025-03-04 12:39:48,279 - root - INFO - Command 'greet' from plugin 'greet' registered.
2025-03-04 12:39:48,279 - root - INFO - Command 'menu' from plugin 'menu' registered.
2025-03-04 12:39:48,279 - root - INFO - Application started. Type 'exit' to exit.
2025-03-04 12:39:48,279 - root - INFO - Hello, World!
2025-03-04 12:39:48,279 - root - INFO - Application exit.
2025-03-04 12:39:48,279 - root - INFO - Application shutdown.
2025-03-04 12:41:18,729 - root - INFO - Logging configured.
2025-03-04 12:41:18,730 - root - INFO - Environment variables loaded.
2025-03-04 12:41:18,730 - root - INFO - Environment variables loaded.
2025-03-04 12:41:19,370 - root - INFO - Logging configured.
2025-03-04 12:41:19,370 - root - INFO - Environment variables loaded.
2025-03-04 12:41:19,370 - root - INFO - Environment variables loaded.
2025-03-04 12:41:19,371 - root - INFO - Logging configured.
2025-03-04 12:41:19,371 - root - INFO - Environment variables loaded.
2025-03-04 12:41:19,372 - root - INFO - Command 'discord' from plugin 'discord' registered.
2025-03-04 12:41:19,372 - root - INFO - Command 'exit' from plugin 'exit' registered.
2025-03-04 12:41:19,373 - root - INFO - Command 'goodbye' from plugin 'goodbye' registered.
2025-03-04 12:41:19,373 - root - INFO - Command 'greet' from plugin 'greet' registered.
2025-03-04 12:41:19,373 - root - INFO - Command 'menu' from plugin 'menu' registered.
2025-03-04 12:41:19,373 - root - INFO - Application started. Type 'exit' to exit.
2025-03-04 12:41:19,373 - root - INFO - Application exit.
2025-03-04 12:41:19,373 - root - INFO - Application shutdown.
2025-03-04 12:41:19,375 - root - INFO - Logging configured.
2025-03-04 12:41:19,375 - root - INFO - Environment variables loaded.
2025-03-04 12:41:19,375 - root - INFO - Command 'discord' from plugin 'discord' registered.
2025-03-04 12:41:19,375 - root - INFO - Command 'exit' from plugin 'exit' registered.
2025-03-04 12:41:19,375 - root - INFO - Command 'goodbye' from plugin 'goodbye' registered.
2025-03-04 12:41:19,375 - root - INFO - Command 'greet' from plugin 'greet' registered.
2025-03-04 12:41:19,375 - root - INFO - Command 'menu' from plugin 'menu' registered.
2025-03-04 12:41:19,375 - root - INFO - Application started. Type 'exit' to exit.
2025-03-04 12:41:19,375 - root - INFO - Application exit.
2025-03-04 12:41:19,375 - root - INFO - Application shutdown.
2025-03-04 12:41:19,391 - root - INFO - Logging configured.
2025-03-04 12:41:19,391 - root - INFO - Environment variables loaded.
2025-03-04 12:41:19,391 - root - INFO - Command 'discord' from plugin 'discord' registered.
2025-03-04 12:41:19,391 - root - INFO - Command 'exit' from plugin 'exit' registered.
2025-03-04 12:41:19,391 - root - INFO - Command 'goodbye' from plugin 'goodbye' registered.
2025-03-04 12:41:19,391 - root - INFO - Command 'greet' from plugin 'greet' registered.
2025-03-04 12:41:19,391 - root - INFO - Command 'menu' from plugin 'menu' registered.
2025-03-04 12:41:19,391 - root - INFO - Application started. Type 'exit' to exit.
2025-03-04 12:41:19,391 - root - INFO - Hello, World!
2025-03-04 12:41:19,391 - root - INFO - Application exit.
2025-03-04 12:41:19,392 - root - INFO - Application shutdown.
2025-03-04 12:45:35,316 - root - INFO - Logging configured.
2025-03-04 12:45:35,316 - root - INFO - Environment variables loaded.
2025-03-04 12:45:35,317 - root - INFO - Environment variables loaded.
2025-03-04 12:45:35,968 - root - INFO - Logging configured.
2025-03-04 12:45:35,968 - root - INFO - Environment variables loaded.
2025-03-04 12:45:35,968 - root - INFO - Environment variables loaded.
2025-03-04 12:45:35,969 - root - INFO - Logging configured.
2025-03-04 12:45:35,969 - root - INFO - Environment variables loaded.
2025-03-04 12:45:35,970 - root - INFO - Command 'discord' from plugin 'discord' registered.
2025-03-04 12:45:35,970 - root - INFO - Command 'exit' from plugin 'exit' registered.
2025-03-04 12:45:35,971 - root - INFO - Command 'goodbye' from plugin 'goodbye' registered.
2025-03-04 12:45:35,971 - root - INFO - Command 'greet' from plugin 'greet' registered.
2025-03-04 12:45:35,971 - root - INFO - Command 'menu' from plugin 'menu' registered.
2025-03-04 12:45:35,971 - root - INFO - Application started. Type 'exit' to exit.
2025-03-04 12:45:35,971 - root - INFO - Application exit.
2025-03-04 12:45:35,971 - root - INFO - Application shutdown.
2025-03-04 12:45:35,973 - root - INFO - Logging configured.
2025-03-04 12:45:35,973 - root - INFO - Environment variables loaded.
2025-03-04 12:45:35,973 - root - INFO - Command 'discord' from plugin 'discord' registered.
2025-03-04 12:45:35,973 - root - INFO - Command 'exit' from plugin 'exit' registered.
2025-03-04 12:45:35,973 - root - INFO - Command 'goodbye' from plugin 'goodbye' registered.
2025-03-04 12:45:35,973 - root - INFO - Command 'greet' from plugin 'greet' registered.
2025-03-04 12:45:35,973 - root - INFO - Command 'menu' from plugin 'menu' registered.
2025-03-04 12:45:35,973 - root - INFO - Application started. Type 'exit' to exit.
2025-03-04 12:45:35,973 - root - INFO - Application exit.
2025-03-04 12:45:35,973 - root - INFO - Application shutdown.
2025-03-04 12:45:35,989 - root - INFO - Logging configured.
2025-03-04 12:45:35,989 - root - INFO - Environment variables loaded.
2025-03-04 12:45:35,989 - root - INFO - Command 'discord' from plugin 'discord' registered.
2025-03-04 12:45:35,989 - root - INFO - Command 'exit' from plugin 'exit' registered.
2025-03-04 12:45:35,989 - root - INFO - Command 'goodbye' from plugin 'goodbye' registered.
2025-03-04 12:45:35,989 - root - INFO - Command 'greet' from plugin 'greet' registered.
2025-03-04 12:45:35,989 - root - INFO - Command 'menu' from plugin 'menu' registered.
2025-03-04 12:45:35,989 - root - INFO - Application started. Type 'exit' to exit.
2025-03-04 12:45:35,989 - root - INFO - Hello, World!
2025-03-04 12:45:35,989 - root - INFO - Application exit.
2025-03-04 12:45:35,989 - root - INFO - Application shutdown.
2025-03-04 12:47:13,946 - root - INFO - Logging configured.
2025-03-04 12:47:13,946 - root - INFO - Environment variables loaded.
2025-03-04 12:47:13,946 - root - INFO - Environment variables loaded.
2025-03-04 12:47:14,580 - root - INFO - Logging configured.
2025-03-04 12:47:14,580 - root - INFO - Environment variables loaded.
2025-03-04 12:47:14,580 - root - INFO - Environment variables loaded.
2025-03-04 12:47:14,582 - root - INFO - Logging configured.
2025-03-04 12:47:14,582 - root - INFO - Environment variables loaded.
2025-03-04 12:47:14,582 - root - INFO - Command 'discord' from plugin 'discord' registered.
2025-03-04 12:47:14,583 - root - INFO - Command 'exit' from plugin 'exit' registered.
2025-03-04 12:47:14,583 - root - INFO - Command 'goodbye' from plugin 'goodbye' registered.
2025-03-04 12:47:14,584 - root - INFO - Command 'greet' from plugin 'greet' registered.
2025-03-04 12:47:14,584 - root - INFO - Command 'menu' from plugin 'menu' registered.
2025-03-04 12:47:14,584 - root - INFO - Application started. Type 'exit' to exit.
2025-03-04 12:47:14,584 - root - INFO - Application exit.
2025-03-04 12:47:14,584 - root - INFO - Application shutdown.
2025-03-04 12:47:14,585 - root - INFO - Logging configured.
2025-03-04 12:47:14,585 - root - INFO - Environment variables loaded.
2025-03-04 12:47:14,585 - root - INFO - Command 'discord' from plugin 'discord' registered.
2025-03-04 12:47:14,585 - root - INFO - Command 'exit' from plugin 'exit' registered.
2025-03-04 12:47:14,585 - root - INFO - Command 'goodbye' from plugin 'goodbye' registered.
2025-03-04 12:47:14,585 - root - INFO - Command 'greet' from plugin 'greet' registered.
2025-03-04 12:47:14,585 - root - INFO - Command 'menu' from plugin 'menu' registered.
2025-03-04 12:47:14,585 - root - INFO - Application started. Type 'exit' to exit.
2025-03-04 12:47:14,586 - root - INFO - Application exit.
2025-03-04 12:47:14,586 - root - INFO - Application shutdown.
2025-03-04 12:47:14,601 - root - INFO - Logging configured.
2025-03-04 12:47:14,601 - root - INFO - Environment variables loaded.
2025-03-04 12:47:14,601 - root - INFO - Command 'discord' from plugin 'discord' registered.
2025-03-04 12:47:14,601 - root - INFO - Command 'exit' from plugin 'exit' registered.
2025-03-04 12:47:14,601 - root - INFO - Command 'goodbye' from plugin 'goodbye' registered.
2025-03-04 12:47:14,601 - root - INFO - Command 'greet' from plugin 'greet' registered.
2025-03-04 12:47:14,601 - root - INFO - Command 'menu' from plugin 'menu' registered.
2025-03-04 12:47:14,601 - root - INFO - Application started. Type 'exit' to exit.
2025-03-04 12:47:14,601 - root - INFO - Hello, World!
2025-03-04 12:47:14,601 - root - INFO - Application exit.
2025-03-04 12:47:14,601 - root - INFO - Application shutdown.
2025-03-04 12:48:18,894 - root - INFO - Logging configured.
2025-03-04 12:48:18,894 - root - INFO - Environment variables loaded.
2025-03-04 12:48:18,894 - root - INFO - Environment variables loaded.
2025-03-04 12:48:19,528 - root - INFO - Logging configured.
2025-03-04 12:48:19,528 - root - INFO - Environment variables loaded.
2025-03-04 12:48:19,528 - root - INFO - Environment variables loaded.
2025-03-04 12:48:19,529 - root - INFO - Logging configured.
2025-03-04 12:48:19,529 - root - INFO - Environment variables loaded.
2025-03-04 12:48:19,530 - root - INFO - Command 'discord' from plugin 'discord' registered.
2025-03-04 12:48:19,530 - root - INFO - Command 'exit' from plugin 'exit' registered.
2025-03-04 12:48:19,531 - root - INFO - Command 'goodbye' from plugin 'goodbye' registered.
2025-03-04 12:48:19,531 - root - INFO - Command 'greet' from plugin 'greet' registered.
2025-03-04 12:48:19,531 - root - INFO - Command 'menu' from plugin 'menu' registered.
2025-03-04 12:48:19,531 - root - INFO - Application started. Type 'exit' to exit.
2025-03-04 12:48:19,531 - root - INFO - Application exit.
2025-03-04 12:48:19,531 - root - INFO - Application shutdown.
2025-03-04 12:48:19,533 - root - INFO - Logging configured.
2025-03-04 12:48:19,533 - root - INFO - Environment variables loaded.
2025-03-04 12:48:19,533 - root - INFO - Command 'discord' from plugin 'discord' registered.
2025-03-04 12:48:19,533 - root - INFO - Command 'exit' from plugin 'exit' registered.
2025-03-04 12:48:19,533 - root - INFO - Command 'goodbye' from plugin 'goodbye' registered.
2025-03-04 12:48:19,533 - root - INFO - Command 'greet' from plugin 'greet' registered.
2025-03-04 12:48:19,533 - root - INFO - Command 'menu' from plugin 'menu' registered.
2025-03-04 12:48:19,533 - root - INFO - Application started. Type 'exit' to exit.
2025-03-04 12:48:19,533 - root - INFO - Application exit.
2025-03-04 12:48:19,533 - root - INFO - Application shutdown.
2025-03-04 12:48:19,550 - root - INFO - Logging configured.
2025-03-04 12:48:19,550 - root - INFO - Environment variables loaded.
2025-03-04 12:48:19,550 - root - INFO - Command 'discord' from plugin 'discord' registered.
2025-03-04 12:48:19,550 - root - INFO - Command 'exit' from plugin 'exit' registered.
2025-03-04 12:48:19,550 - root - INFO - Command 'goodbye' from plugin 'goodbye' registered.
2025-03-04 12:48:19,550 - root - INFO - Command 'greet' from plugin 'greet' registered.
2025-03-04 12:48:19,550 - root - INFO - Command 'menu' from plugin 'menu' registered.
2025-03-04 12:48:19,550 - root - INFO - Application started. Type 'exit' to exit.
2025-03-04 12:48:19,550 - root - INFO - Hello, World!
2025-03-04 12:48:19,550 - root - INFO - Application exit.
2025-03-04 12:48:19,550 - root - INFO - Application shutdown.
2025-03-04 12:48:44,649 - root - INFO - Logging configured.
2025-03-04 12:48:44,649 - root - INFO - Environment variables loaded.
2025-03-04 12:48:44,649 - root - INFO - Environment variables loaded.
2025-03-04 12:48:45,266 - root - INFO - Logging configured.
2025-03-04 12:48:45,266 - root - INFO - Environment variables loaded.
2025-03-04 12:48:45,266 - root - INFO - Environment variables loaded.
2025-03-04 12:48:45,268 - root - INFO - Logging configured.
2025-03-04 12:48:45,268 - root - INFO - Environment variables loaded.
2025-03-04 12:48:45,268 - root - INFO - Command 'discord' from plugin 'discord' registered.
2025-03-04 12:48:45,268 - root - INFO - Command 'exit' from plugin 'exit' registered.
2025-03-04 12:48:45,269 - root - INFO - Command 'goodbye' from plugin 'goodbye' registered.
2025-03-04 12:48:45,269 - root - INFO - Command 'greet' from plugin 'greet' registered.
2025-03-04 12:48:45,269 - root - INFO - Command 'menu' from plugin 'menu' registered.
2025-03-04 12:48:45,269 - root - INFO - Application started. Type 'exit' to exit.
2025-03-04 12:48:45,269 - root - INFO - Application exit.
2025-03-04 12:48:45,270 - root - INFO - Application shutdown.
2025-03-04 12:48:45,271 - root - INFO - Logging configured.
2025-03-04 12:48:45,271 - root - INFO - Environment variables loaded.
2025-03-04 12:48:45,271 - root - INFO - Command 'discord' from plugin 'discord' registered.
2025-03-04 12:48:45,271 - root - INFO - Command 'exit' from plugin 'exit' registered.
2025-03-04 12:48:45,271 - root - INFO - Command 'goodbye' from plugin 'goodbye' registered.
2025-03-04 12:48:45,271 - root - INFO - Command 'greet' from plugin 'greet' registered.
2025-03-04 12:48:45,271 - root - INFO - Command 'menu' from plugin 'menu' registered.
2025-03-04 12:48:45,271 - root - INFO - Application started. Type 'exit' to exit.
2025-03-04 12:48:45,271 - root - INFO - Application exit.
2025-03-04 12:48:45,271 - root - INFO - Application shutdown.
2025-03-04 12:48:45,287 - root - INFO - Logging configured.
2025-03-04 12:48:45,287 - root - INFO - Environment variables loaded.
2025-03-04 12:48:45,287 - root - INFO - Command 'discord' from plugin 'discord' registered.
2025-03-04 12:48:45,287 - root - INFO - Command 'exit' from plugin 'exit' registered.
2025-03-04 12:48:45,287 - root - INFO - Command 'goodbye' from plugin 'goodbye' registered.
2025-03-04 12:48:45,287 - root - INFO - Command 'greet' from plugin 'greet' registered.
2025-03-04 12:48:45,287 - root - INFO - Command 'menu' from plugin 'menu' registered.
2025-03-04 12:48:45,287 - root - INFO - Application started. Type 'exit' to exit.
2025-03-04 12:48:45,287 - root - INFO - Hello, World!
2025-03-04 12:48:45,287 - root - INFO - Application exit.
2025-03-04 12:48:45,287 - root - INFO - Application shutdown.
2025-03-04 12:49:23,082 - root - INFO - Logging configured.
2025-03-04 12:49:23,082 - root - INFO - Environment variables loaded.
2025-03-04 12:49:23,082 - root - INFO - Environment variables loaded.
2025-03-04 12:49:23,719 - root - INFO - Logging configured.
2025-03-04 12:49:23,719 - root - INFO - Environment variables loaded.
2025-03-04 12:49:23,719 - root - INFO - Environment variables loaded.
2025-03-04 12:49:23,720 - root - INFO - Logging configured.
2025-03-04 12:49:23,720 - root - INFO - Environment variables loaded.
2025-03-04 12:49:23,721 - root - INFO - Command 'discord' from plugin 'discord' registered.
2025-03-04 12:49:23,721 - root - INFO - Command 'exit' from plugin 'exit' registered.
2025-03-04 12:49:23,722 - root - INFO - Command 'goodbye' from plugin 'goodbye' registered.
2025-03-04 12:49:23,722 - root - INFO - Command 'greet' from plugin 'greet' registered.
2025-03-04 12:49:23,722 - root - INFO - Command 'menu' from plugin 'menu' registered.
2025-03-04 12:49:23,722 - root - INFO - Application started. Type 'exit' to exit.
2025-03-04 12:49:23,722 - root - INFO - Application exit.
2025-03-04 12:49:23,722 - root - INFO - Application shutdown.
2025-03-04 12:49:23,724 - root - INFO - Logging configured.
2025-03-04 12:49:23,724 - root - INFO - Environment variables loaded.
2025-03-04 12:49:23,724 - root - INFO - Command 'discord' from plugin 'discord' registered.
2025-03-04 12:49:23,724 - root - INFO - Command 'exit' from plugin 'exit' registered.
2025-03-04 12:49:23,724 - root - INFO - Command 'goodbye' from plugin 'goodbye' registered.
2025-03-04 12:49:23,724 - root - INFO - Command 'greet' from plugin 'greet' registered.
2025-03-04 12:49:23,724 - root - INFO - Command 'menu' from plugin 'menu' registered.
2025-03-04 12:49:23,724 - root - INFO - Application started. Type 'exit' to exit.
2025-03-04 12:49:23,724 - root - INFO - Application exit.
2025-03-04 12:49:23,724 - root - INFO - Application shutdown.
2025-03-04 12:49:23,740 - root - INFO - Logging configured.
2025-03-04 12:49:23,740 - root - INFO - Environment variables loaded.
2025-03-04 12:49:23,740 - root - INFO - Command 'discord' from plugin 'discord' registered.
2025-03-04 12:49:23,740 - root - INFO - Command 'exit' from plugin 'exit' registered.
2025-03-04 12:49:23,740 - root - INFO - Command 'goodbye' from plugin 'goodbye' registered.
2025-03-04 12:49:23,740 - root - INFO - Command 'greet' from plugin 'greet' registered.
2025-03-04 12:49:23,740 - root - INFO - Command 'menu' from plugin 'menu' registered.
2025-03-04 12:49:23,740 - root - INFO - Application started. Type 'exit' to exit.
2025-03-04 12:49:23,740 - root - INFO - Hello, World!
2025-03-04 12:49:23,740 - root - INFO - Application exit.
2025-03-04 12:49:23,740 - root - INFO - Application shutdown.
2025-03-04 12:49:51,743 - root - INFO - Logging configured.
2025-03-04 12:49:51,743 - root - INFO - Environment variables loaded.
2025-03-04 12:49:51,743 - root - INFO - Environment variables loaded.
2025-03-04 12:49:52,377 - root - INFO - Logging configured.
2025-03-04 12:49:52,377 - root - INFO - Environment variables loaded.
2025-03-04 12:49:52,377 - root - INFO - Environment variables loaded.
2025-03-04 12:49:52,379 - root - INFO - Logging configured.
2025-03-04 12:49:52,379 - root - INFO - Environment variables loaded.
2025-03-04 12:49:52,379 - root - INFO - Command 'discord' from plugin 'discord' registered.
2025-03-04 12:49:52,380 - root - INFO - Command 'exit' from plugin 'exit' registered.
2025-03-04 12:49:52,380 - root - INFO - Command 'goodbye' from plugin 'goodbye' registered.
2025-03-04 12:49:52,381 - root - INFO - Command 'greet' from plugin 'greet' registered.
2025-03-04 12:49:52,381 - root - INFO - Command 'menu' from plugin 'menu' registered.
2025-03-04 12:49:52,381 - root - INFO - Application started. Type 'exit' to exit.
2025-03-04 12:49:52,381 - root - INFO - Application exit.
2025-03-04 12:49:52,381 - root - INFO - Application shutdown.
2025-03-04 12:49:52,383 - root - INFO - Logging configured.
2025-03-04 12:49:52,383 - root - INFO - Environment variables loaded.
2025-03-04 12:49:52,383 - root - INFO - Command 'discord' from plugin 'discord' registered.
2025-03-04 12:49:52,383 - root - INFO - Command 'exit' from plugin 'exit' registered.
2025-03-04 12:49:52,383 - root - INFO - Command 'goodbye' from plugin 'goodbye' registered.
2025-03-04 12:49:52,383 - root - INFO - Command 'greet' from plugin 'greet' registered.
2025-03-04 12:49:52,383 - root - INFO - Command 'menu' from plugin 'menu' registered.
2025-03-04 12:49:52,383 - root - INFO - Application started. Type 'exit' to exit.
2025-03-04 12:49:52,383 - root - INFO - Application exit.
2025-03-04 12:49:52,383 - root - INFO - Application shutdown.
2025-03-04 12:49:52,399 - root - INFO - Logging configured.
2025-03-04 12:49:52,399 - root - INFO - Environment variables loaded.
2025-03-04 12:49:52,399 - root - INFO - Command 'discord' from plugin 'discord' registered.
2025-03-04 12:49:52,399 - root - INFO - Command 'exit' from plugin 'exit' registered.
2025-03-04 12:49:52,399 - root - INFO - Command 'goodbye' from plugin 'goodbye' registered.
2025-03-04 12:49:52,399 - root - INFO - Command 'greet' from plugin 'greet' registered.
2025-03-04 12:49:52,399 - root - INFO - Command 'menu' from plugin 'menu' registered.
2025-03-04 12:49:52,399 - root - INFO - Application started. Type 'exit' to exit.
2025-03-04 12:49:52,399 - root - INFO - Hello, World!
2025-03-04 12:49:52,399 - root - INFO - Application exit.
2025-03-04 12:49:52,399 - root - INFO - Application shutdown.
2025-03-04 12:51:23,588 - root - INFO - Logging configured.
2025-03-04 12:51:23,588 - root - INFO - Environment variables loaded.
2025-03-04 12:51:23,588 - root - INFO - Environment variables loaded.
2025-03-04 12:51:24,235 - root - INFO - Logging configured.
2025-03-04 12:51:24,235 - root - INFO - Environment variables loaded.
2025-03-04 12:51:24,235 - root - INFO - Environment variables loaded.
2025-03-04 12:51:24,236 - root - INFO - Logging configured.
2025-03-04 12:51:24,236 - root - INFO - Environment variables loaded.
2025-03-04 12:51:24,237 - root - INFO - Command 'discord' from plugin 'discord' registered.
2025-03-04 12:51:24,237 - root - INFO - Command 'exit' from plugin 'exit' registered.
2025-03-04 12:51:24,238 - root - INFO - Command 'goodbye' from plugin 'goodbye' registered.
2025-03-04 12:51:24,238 - root - INFO - Command 'greet' from plugin 'greet' registered.
2025-03-04 12:51:24,238 - root - INFO - Command 'menu' from plugin 'menu' registered.
2025-03-04 12:51:24,238 - root - INFO - Application started. Type 'exit' to exit.
2025-03-04 12:51:24,238 - root - INFO - Application exit.
2025-03-04 12:51:24,238 - root - INFO - Application shutdown.
2025-03-04 12:51:24,240 - root - INFO - Logging configured.
2025-03-04 12:51:24,240 - root - INFO - Environment variables loaded.
2025-03-04 12:51:24,240 - root - INFO - Command 'discord' from plugin 'discord' registered.
2025-03-04 12:51:24,240 - root - INFO - Command 'exit' from plugin 'exit' registered.
2025-03-04 12:51:24,240 - root - INFO - Command 'goodbye' from plugin 'goodbye' registered.
2025-03-04 12:51:24,240 - root - INFO - Command 'greet' from plugin 'greet' registered.
2025-03-04 12:51:24,240 - root - INFO - Command 'menu' from plugin 'menu' registered.
2025-03-04 12:51:24,240 - root - INFO - Application started. Type 'exit' to exit.
2025-03-04 12:51:24,240 - root - INFO - Application exit.
2025-03-04 12:51:24,240 - root - INFO - Application shutdown.
2025-03-04 12:51:24,256 - root - INFO - Logging configured.
2025-03-04 12:51:24,256 - root - INFO - Environment variables loaded.
2025-03-04 12:51:24,256 - root - INFO - Command 'discord' from plugin 'discord' registered.
2025-03-04 12:51:24,256 - root - INFO - Command 'exit' from plugin 'exit' registered.
2025-03-04 12:51:24,256 - root - INFO - Command 'goodbye' from plugin 'goodbye' registered.
2025-03-04 12:51:24,256 - root - INFO - Command 'greet' from plugin 'greet' registered.
2025-03-04 12:51:24,256 - root - INFO - Command 'menu' from plugin 'menu' registered.
2025-03-04 12:51:24,256 - root - INFO - Application started. Type 'exit' to exit.
2025-03-04 12:51:24,256 - root - INFO - Hello, World!
2025-03-04 12:51:24,256 - root - INFO - Application exit.
2025-03-04 12:51:24,256 - root - INFO - Application shutdown.
2025-03-04 12:57:30,066 - root - INFO - Logging configured.
2025-03-04 12:57:30,067 - root - INFO - Environment variables loaded.
2025-03-04 12:57:30,067 - root - INFO - Environment variables loaded.
2025-03-04 12:57:30,922 - root - INFO - Logging configured.
2025-03-04 12:57:30,922 - root - INFO - Environment variables loaded.
2025-03-04 12:57:30,922 - root - INFO - Environment variables loaded.
2025-03-04 12:57:30,924 - root - INFO - Logging configured.
2025-03-04 12:57:30,924 - root - INFO - Environment variables loaded.
2025-03-04 12:57:30,924 - root - INFO - Command 'discord' from plugin 'discord' registered.
2025-03-04 12:57:30,924 - root - INFO - Command 'exit' from plugin 'exit' registered.
2025-03-04 12:57:30,925 - root - INFO - Command 'goodbye' from plugin 'goodbye' registered.
2025-03-04 12:57:30,925 - root - INFO - Command 'greet' from plugin 'greet' registered.
2025-03-04 12:57:30,926 - root - INFO - Command 'menu' from plugin 'menu' registered.
2025-03-04 12:57:30,926 - root - INFO - Application started. Type 'exit' to exit.
2025-03-04 12:57:30,926 - root - INFO - Application exit.
2025-03-04 12:57:30,926 - root - INFO - Application shutdown.
2025-03-04 12:57:30,927 - root - INFO - Logging configured.
2025-03-04 12:57:30,927 - root - INFO - Environment variables loaded.
2025-03-04 12:57:30,942 - root - INFO - Logging configured.
2025-03-04 12:57:30,942 - root - INFO - Environment variables loaded.
2025-03-04 12:57:30,942 - root - INFO - Command 'discord' from plugin 'discord' registered.
2025-03-04 12:57:30,942 - root - INFO - Command 'exit' from plugin 'exit' registered.
2025-03-04 12:57:30,942 - root - INFO - Command 'goodbye' from plugin 'goodbye' registered.
2025-03-04 12:57:30,942 - root - INFO - Command 'greet' from plugin 'greet' registered.
2025-03-04 12:57:30,942 - root - INFO - Command 'menu' from plugin 'menu' registered.
2025-03-04 12:57:30,942 - root - INFO - Application started. Type 'exit' to exit.
2025-03-04 12:57:30,942 - root - INFO - Hello, World!
2025-03-04 12:57:30,942 - root - INFO - Application exit.
2025-03-04 12:57:30,942 - root - INFO - Application shutdown.
2025-03-04 13:02:18,392 - root - INFO - Logging configured.
2025-03-04 13:02:18,393 - root - INFO - Environment variables loaded.
2025-03-04 13:02:18,393 - root - INFO - Environment variables loaded.
2025-03-04 13:02:19,261 - root - INFO - Logging configured.
2025-03-04 13:02:19,261 - root - INFO - Environment variables loaded.
2025-03-04 13:02:19,261 - root - INFO - Environment variables loaded.
2025-03-04 13:02:19,262 - root - INFO - Logging configured.
2025-03-04 13:02:19,262 - root - INFO - Environment variables loaded.
2025-03-04 13:02:19,263 - root - INFO - Command 'discord' from plugin 'discord' registered.
2025-03-04 13:02:19,263 - root - INFO - Command 'exit' from plugin 'exit' registered.
2025-03-04 13:02:19,264 - root - INFO - Command 'goodbye' from plugin 'goodbye' registered.
2025-03-04 13:02:19,264 - root - INFO - Command 'greet' from plugin 'greet' registered.
2025-03-04 13:02:19,264 - root - INFO - Command 'menu' from plugin 'menu' registered.
2025-03-04 13:02:19,264 - root - INFO - Application started. Type 'exit' to exit.
2025-03-04 13:02:19,264 - root - INFO - Application exit.
2025-03-04 13:02:19,264 - root - INFO - Application shutdown.
2025-03-04 13:02:19,265 - root - INFO - Logging configured.
2025-03-04 13:02:19,265 - root - INFO - Environment variables loaded.
2025-03-04 13:02:19,265 - root - ERROR - Unknown command: invalid_command
2025-03-04 13:02:19,281 - root - INFO - Logging configured.
2025-03-04 13:02:19,281 - root - INFO - Environment variables loaded.
2025-03-04 13:02:19,281 - root - INFO - Command 'discord' from plugin 'discord' registered.
2025-03-04 13:02:19,281 - root - INFO - Command 'exit' from plugin 'exit' registered.
2025-03-04 13:02:19,281 - root - INFO - Command 'goodbye' from plugin 'goodbye' registered.
2025-03-04 13:02:19,281 - root - INFO - Command 'greet' from plugin 'greet' registered.
2025-03-04 13:02:19,281 - root - INFO - Command 'menu' from plugin 'menu' registered.
2025-03-04 13:02:19,281 - root - INFO - Application started. Type 'exit' to exit.
2025-03-04 13:02:19,281 - root - INFO - Application shutdown.
2025-03-04 13:12:41,341 - root - INFO - Logging configured.
2025-03-04 13:12:41,342 - root - INFO - Environment variables loaded.
2025-03-04 13:12:41,346 - root - INFO - Command 'discord' from plugin 'discord' registered.
2025-03-04 13:12:41,346 - root - INFO - Command 'exit' from plugin 'exit' registered.
2025-03-04 13:12:41,347 - root - INFO - Command 'goodbye' from plugin 'goodbye' registered.
2025-03-04 13:12:41,347 - root - INFO - Command 'greet' from plugin 'greet' registered.
2025-03-04 13:12:41,347 - root - INFO - Command 'menu' from plugin 'menu' registered.
2025-03-04 13:12:41,347 - root - INFO - Application started. Type 'exit' to exit.
2025-03-04 13:12:45,016 - root - INFO - Application shutdown.
2025-03-04 13:15:12,912 - root - INFO - Logging configured.
2025-03-04 13:15:12,913 - root - INFO - Environment variables loaded.
2025-03-04 13:15:12,918 - root - INFO - Command 'discord' from plugin 'discord' registered.
2025-03-04 13:15:12,919 - root - INFO - Command 'exit' from plugin 'exit' registered.
2025-03-04 13:15:12,920 - root - INFO - Command 'goodbye' from plugin 'goodbye' registered.
2025-03-04 13:15:12,920 - root - INFO - Command 'greet' from plugin 'greet' registered.
2025-03-04 13:15:12,920 - root - INFO - Command 'menu' from plugin 'menu' registered.
2025-03-04 13:15:12,920 - root - INFO - Application started. Type 'exit' to exit.
2025-03-04 13:15:15,559 - root - INFO - Hello, World!
2025-03-04 13:15:23,577 - root - INFO - Application exit.
2025-03-04 13:15:23,577 - root - INFO - Application shutdown.
